<?xml version="1.0" encoding="UTF-8"?>
<testng-results skipped="0" failed="1" ignored="0" total="6" passed="5">
  <reporter-output>
  </reporter-output>
  <suite name="Default suite" duration-ms="116893" started-at="2023-04-22T02:32:35 IST" finished-at="2023-04-22T02:34:32 IST">
    <groups>
    </groups>
    <test name="Default test" duration-ms="116893" started-at="2023-04-22T02:32:35 IST" finished-at="2023-04-22T02:34:32 IST">
      <class name="com.selenium.tests.TC_001_SystemTest">
        <test-method status="PASS" signature="setup(org.testng.ITestContext)[pri:0, instance:com.selenium.tests.TC_001_SystemTest@69fb6037]" name="setup" is-config="true" duration-ms="28699" started-at="2023-04-22T02:32:35 IST" finished-at="2023-04-22T02:33:03 IST">
          <params>
            <param index="0">
              <value>
                <![CDATA[org.testng.TestRunner@24934262]]>
              </value>
            </param>
          </params>
          <reporter-output>
          </reporter-output>
        </test-method> <!-- setup -->
        <test-method status="PASS" signature="m_login()[pri:0, instance:com.selenium.tests.TC_001_SystemTest@69fb6037]" name="m_login" duration-ms="14593" started-at="2023-04-22T02:33:03 IST" finished-at="2023-04-22T02:33:18 IST">
          <reporter-output>
          </reporter-output>
        </test-method> <!-- m_login -->
        <test-method status="PASS" signature="checkstatus(org.testng.ITestResult)[pri:0, instance:com.selenium.tests.TC_001_SystemTest@69fb6037]" name="checkstatus" is-config="true" duration-ms="2" started-at="2023-04-22T02:33:18 IST" finished-at="2023-04-22T02:33:18 IST">
          <params>
            <param index="0">
              <value>
                <![CDATA[[TestResult name=m_login status=SUCCESS method=TC_001_SystemTest.m_login()[pri:0, instance:com.selenium.tests.TC_001_SystemTest@69fb6037] output={null}]]]>
              </value>
            </param>
          </params>
          <reporter-output>
          </reporter-output>
        </test-method> <!-- checkstatus -->
        <test-method status="FAIL" signature="m_RegisterPatient()[pri:1, instance:com.selenium.tests.TC_001_SystemTest@69fb6037]" name="m_RegisterPatient" duration-ms="23322" started-at="2023-04-22T02:33:18 IST" finished-at="2023-04-22T02:33:41 IST">
          <exception class="java.lang.AssertionError">
            <message>
              <![CDATA[The following asserts failed:
expected [Male] but found [[Ljava.lang.String;@5ff60a8c],
expected [Test,Calab] but found [[Ljava.lang.String;@67b7c170],
expected [Test,Main Street,Newyork,NY,USA,10022] but found [[Ljava.lang.String;@889d9e8],
expected [10,February,2000] but found [[Ljava.lang.String;@ba354ca],
expected [12345678] but found [[Ljava.lang.String;@acf859d]]]>
            </message>
            <full-stacktrace>
              <![CDATA[java.lang.AssertionError: The following asserts failed:
expected [Male] but found [[Ljava.lang.String;@5ff60a8c],
expected [Test,Calab] but found [[Ljava.lang.String;@67b7c170],
expected [Test,Main Street,Newyork,NY,USA,10022] but found [[Ljava.lang.String;@889d9e8],
expected [10,February,2000] but found [[Ljava.lang.String;@ba354ca],
expected [12345678] but found [[Ljava.lang.String;@acf859d]
at org.testng.asserts.SoftAssert.assertAll(SoftAssert.java:47)
at org.testng.asserts.SoftAssert.assertAll(SoftAssert.java:31)
at com.selenium.tests.TC_001_SystemTest.m_RegisterPatient(TC_001_SystemTest.java:75)
at sun.reflect.NativeMethodAccessorImpl.invoke0(Native Method)
at sun.reflect.NativeMethodAccessorImpl.invoke(NativeMethodAccessorImpl.java:62)
at sun.reflect.DelegatingMethodAccessorImpl.invoke(DelegatingMethodAccessorImpl.java:43)
at java.lang.reflect.Method.invoke(Method.java:498)
at org.testng.internal.MethodInvocationHelper.invokeMethod(MethodInvocationHelper.java:133)
at org.testng.internal.TestInvoker.invokeMethod(TestInvoker.java:584)
at org.testng.internal.TestInvoker.invokeTestMethod(TestInvoker.java:172)
at org.testng.internal.MethodRunner.runInSequence(MethodRunner.java:46)
at org.testng.internal.TestInvoker$MethodInvocationAgent.invoke(TestInvoker.java:804)
at org.testng.internal.TestInvoker.invokeTestMethods(TestInvoker.java:145)
at org.testng.internal.TestMethodWorker.invokeTestMethods(TestMethodWorker.java:146)
at org.testng.internal.TestMethodWorker.run(TestMethodWorker.java:128)
at java.util.ArrayList.forEach(ArrayList.java:1259)
at org.testng.TestRunner.privateRun(TestRunner.java:770)
at org.testng.TestRunner.run(TestRunner.java:591)
at org.testng.SuiteRunner.runTest(SuiteRunner.java:402)
at org.testng.SuiteRunner.runSequentially(SuiteRunner.java:396)
at org.testng.SuiteRunner.privateRun(SuiteRunner.java:355)
at org.testng.SuiteRunner.run(SuiteRunner.java:304)
at org.testng.SuiteRunnerWorker.runSuite(SuiteRunnerWorker.java:53)
at org.testng.SuiteRunnerWorker.run(SuiteRunnerWorker.java:96)
at org.testng.TestNG.runSuitesSequentially(TestNG.java:1180)
at org.testng.TestNG.runSuitesLocally(TestNG.java:1102)
at org.testng.TestNG.runSuites(TestNG.java:1032)
at org.testng.TestNG.run(TestNG.java:1000)
at org.testng.remote.AbstractRemoteTestNG.run(AbstractRemoteTestNG.java:115)
at org.testng.remote.RemoteTestNG.initAndRun(RemoteTestNG.java:251)
at org.testng.remote.RemoteTestNG.main(RemoteTestNG.java:77)
]]>
            </full-stacktrace>
          </exception> <!-- java.lang.AssertionError -->
          <reporter-output>
          </reporter-output>
        </test-method> <!-- m_RegisterPatient -->
        <test-method status="PASS" signature="checkstatus(org.testng.ITestResult)[pri:0, instance:com.selenium.tests.TC_001_SystemTest@69fb6037]" name="checkstatus" is-config="true" duration-ms="1019" started-at="2023-04-22T02:33:41 IST" finished-at="2023-04-22T02:33:42 IST">
          <params>
            <param index="0">
              <value>
                <![CDATA[[TestResult name=m_RegisterPatient status=FAILURE method=TC_001_SystemTest.m_RegisterPatient()[pri:1, instance:com.selenium.tests.TC_001_SystemTest@69fb6037] output={null}]]]>
              </value>
            </param>
          </params>
          <reporter-output>
          </reporter-output>
        </test-method> <!-- checkstatus -->
        <test-method status="PASS" signature="m_CheckPatientDetailpage()[pri:2, instance:com.selenium.tests.TC_001_SystemTest@69fb6037]" name="m_CheckPatientDetailpage" duration-ms="13107" started-at="2023-04-22T02:33:42 IST" finished-at="2023-04-22T02:33:56 IST">
          <reporter-output>
          </reporter-output>
        </test-method> <!-- m_CheckPatientDetailpage -->
        <test-method status="PASS" signature="checkstatus(org.testng.ITestResult)[pri:0, instance:com.selenium.tests.TC_001_SystemTest@69fb6037]" name="checkstatus" is-config="true" duration-ms="1" started-at="2023-04-22T02:33:56 IST" finished-at="2023-04-22T02:33:56 IST">
          <params>
            <param index="0">
              <value>
                <![CDATA[[TestResult name=m_CheckPatientDetailpage status=SUCCESS method=TC_001_SystemTest.m_CheckPatientDetailpage()[pri:2, instance:com.selenium.tests.TC_001_SystemTest@69fb6037] output={null}]]]>
              </value>
            </param>
          </params>
          <reporter-output>
          </reporter-output>
        </test-method> <!-- checkstatus -->
        <test-method status="PASS" signature="m_Visit()[pri:3, instance:com.selenium.tests.TC_001_SystemTest@69fb6037]" name="m_Visit" duration-ms="1451" started-at="2023-04-22T02:33:56 IST" finished-at="2023-04-22T02:33:57 IST">
          <reporter-output>
          </reporter-output>
        </test-method> <!-- m_Visit -->
        <test-method status="PASS" signature="checkstatus(org.testng.ITestResult)[pri:0, instance:com.selenium.tests.TC_001_SystemTest@69fb6037]" name="checkstatus" is-config="true" duration-ms="1" started-at="2023-04-22T02:33:57 IST" finished-at="2023-04-22T02:33:57 IST">
          <params>
            <param index="0">
              <value>
                <![CDATA[[TestResult name=m_Visit status=SUCCESS method=TC_001_SystemTest.m_Visit()[pri:3, instance:com.selenium.tests.TC_001_SystemTest@69fb6037] output={null}]]]>
              </value>
            </param>
          </params>
          <reporter-output>
          </reporter-output>
        </test-method> <!-- checkstatus -->
        <test-method status="PASS" signature="m_VerifyAttachment()[pri:4, instance:com.selenium.tests.TC_001_SystemTest@69fb6037]" name="m_VerifyAttachment" duration-ms="20082" started-at="2023-04-22T02:33:57 IST" finished-at="2023-04-22T02:34:17 IST">
          <reporter-output>
          </reporter-output>
        </test-method> <!-- m_VerifyAttachment -->
        <test-method status="PASS" signature="checkstatus(org.testng.ITestResult)[pri:0, instance:com.selenium.tests.TC_001_SystemTest@69fb6037]" name="checkstatus" is-config="true" duration-ms="1" started-at="2023-04-22T02:34:17 IST" finished-at="2023-04-22T02:34:17 IST">
          <params>
            <param index="0">
              <value>
                <![CDATA[[TestResult name=m_VerifyAttachment status=SUCCESS method=TC_001_SystemTest.m_VerifyAttachment()[pri:4, instance:com.selenium.tests.TC_001_SystemTest@69fb6037] output={null}]]]>
              </value>
            </param>
          </params>
          <reporter-output>
          </reporter-output>
        </test-method> <!-- checkstatus -->
        <test-method status="PASS" signature="m_EndVisit()[pri:5, instance:com.selenium.tests.TC_001_SystemTest@69fb6037]" name="m_EndVisit" duration-ms="14367" started-at="2023-04-22T02:34:17 IST" finished-at="2023-04-22T02:34:32 IST">
          <reporter-output>
          </reporter-output>
        </test-method> <!-- m_EndVisit -->
        <test-method status="PASS" signature="checkstatus(org.testng.ITestResult)[pri:0, instance:com.selenium.tests.TC_001_SystemTest@69fb6037]" name="checkstatus" is-config="true" duration-ms="1" started-at="2023-04-22T02:34:32 IST" finished-at="2023-04-22T02:34:32 IST">
          <params>
            <param index="0">
              <value>
                <![CDATA[[TestResult name=m_EndVisit status=SUCCESS method=TC_001_SystemTest.m_EndVisit()[pri:5, instance:com.selenium.tests.TC_001_SystemTest@69fb6037] output={null}]]]>
              </value>
            </param>
          </params>
          <reporter-output>
          </reporter-output>
        </test-method> <!-- checkstatus -->
        <test-method status="PASS" signature="tearDown()[pri:0, instance:com.selenium.tests.TC_001_SystemTest@69fb6037]" name="tearDown" is-config="true" duration-ms="2" started-at="2023-04-22T02:34:32 IST" finished-at="2023-04-22T02:34:32 IST">
          <reporter-output>
          </reporter-output>
        </test-method> <!-- tearDown -->
      </class> <!-- com.selenium.tests.TC_001_SystemTest -->
    </test> <!-- Default test -->
  </suite> <!-- Default suite -->
</testng-results>
